<?xml version="1.0" encoding="UTF-8"?>
<!-- Generated by org.testng.reporters.JUnitXMLReporter -->
<testsuite ignored="2" hostname="DESKTOP-NJTSLK5" failures="2" tests="2" name="Default test(failed)" time="16.488" errors="0" timestamp="2022-10-20T11:19:13 IST">
  <testcase classname="TestCases.FailedTestCase" name="loginToApp1Test" time="0.622">
    <failure type="java.lang.AssertionError" message="expected [1PRODUCTS] but found [PRODUCTS]">
      <![CDATA[java.lang.AssertionError: expected [1PRODUCTS] but found [PRODUCTS]
at TestCases.FailedTestCase.loginToApp1Test(FailedTestCase.java:26)
at java.base/java.util.ArrayList.forEach(ArrayList.java:1541)
... Removed 33 stack frames]]>
    </failure>
  </testcase> <!-- loginToApp1Test -->
  <testcase classname="TestCases.FailedTestCase" name="verifyTitleTest" time="0.024">
    <failure type="java.lang.AssertionError" message="expected [Swag Labs] but found [Swag Labs1]">
      <![CDATA[java.lang.AssertionError: expected [Swag Labs] but found [Swag Labs1]
at TestCases.FailedTestCase.verifyTitleTest(FailedTestCase.java:41)
at java.base/java.util.ArrayList.forEach(ArrayList.java:1541)
... Removed 33 stack frames]]>
    </failure>
  </testcase> <!-- verifyTitleTest -->
  <testcase classname="TestCases.FailedTestCase" name="verifyUrlTest" time="0.0">
    <ignored/>
  </testcase> <!-- verifyUrlTest -->
  <testcase classname="TestCases.FailedTestCase" name="loginToApp2Test" time="0.0">
    <ignored/>
  </testcase> <!-- loginToApp2Test -->
</testsuite> <!-- Default test(failed) -->
